Nov 24 09:28:57 host=smtp.gmail.com tls=on auth=on user=utkarsh190601@gmail.com from=utkarsh190601@gmail.com recipients=191221@juitsolan.in,191231@juitsolan.in mailsize=698 smtpstatus=250 smtpmsg='250 2.0.0 OK  1606190321 16sm893154pjf.36 - gsmtp' exitcode=EX_OK
Nov 26 15:56:18 host=smtp.gmail.com tls=on auth=on user=utkarsh190601@gmail.com from=utkarsh190601@gmail.com recipients=191231@juitsolan.in,sighparmarishabh@gmail.com mailsize=7402264 smtpstatus=250 smtpmsg='250 2.0.0 OK  1606386360 m9sm6137673pjf.20 - gsmtp' exitcode=EX_OK
Nov 26 20:51:52 host=smtp.gmail.com tls=on auth=on user=utkarsh190601@gmail.com from=utkarsh190601@gmail.com recipients=191231@juitsolan.in,singhparmarishabh@gmail.com mailsize=7961027 smtpstatus=250 smtpmsg='250 2.0.0 OK  1606404094 x61sm7040899pjj.4 - gsmtp' exitcode=EX_OK
Nov 26 20:57:03 host=smtp.gmail.com tls=on auth=on user=utkarsh190601@gmail.com from=utkarsh190601@gmail.com recipients=191231@juitsolan.in,singhparmarishabh@gmail.com mailsize=9165 smtpstatus=250 smtpmsg='250 2.0.0 OK  1606404405 y20sm5025940pfr.159 - gsmtp' exitcode=EX_OK
Nov 26 21:07:59 host=smtp.gmail.com tls=on auth=on user=utkarsh190601@gmail.com from=utkarsh190601@gmail.com recipients=191231@juitsolan.in mailsize=335239 smtpstatus=250 smtpmsg='250 2.0.0 OK  1606405060 fh22sm7372212pjb.45 - gsmtp' exitcode=EX_OK
Dec 03 10:33:36 host=smtp.gmail.com tls=on auth=on user=utkarsh190601@gmail.com from=utkarsh190601@gmail.com recipients=mj.akarsh@gmail.com mailsize=459 smtpstatus=250 smtpmsg='250 2.0.0 OK  1606971791 cu4sm2689pjb.18 - gsmtp' exitcode=EX_OK
Dec 03 12:17:00 host=smtp.gmail.com tls=on auth=on user=utkarsh190601@gmail.com from=utkarsh190601@gmail.com recipients=mj.akarsh@gmail.com mailsize=1340 smtpstatus=250 smtpmsg='250 2.0.0 OK  1606977994 m18sm349169pjl.41 - gsmtp' exitcode=EX_OK
Dec 05 15:56:28 host=smtp.gmail.com tls=on auth=on user=utkarsh190601@gmail.com from=utkarsh190601@gmail.com recipients=singhparmarishabh@gmail.com mailsize=303 smtpstatus=250 smtpmsg='250 2.0.0 OK  1607163961 v22sm7412502pff.48 - gsmtp' exitcode=EX_OK
Dec 06 15:37:59 host=smtp.gmail.com tls=on auth=on user=utkarsh190601@gmail.com from=utkarsh190601@gmail.com recipients=singhparmarishabh@gmail.com mailsize=1060905 smtpstatus=250 smtpmsg='250 2.0.0 OK  1607249250 w22sm10359393pfu.33 - gsmtp' exitcode=EX_OK
Dec 06 15:38:32 host=smtp.gmail.com tls=on auth=on user=utkarsh190601@gmail.com from=utkarsh190601@gmail.com recipients=singhparmarishabh@gmail.com mailsize=1060905 smtpstatus=250 smtpmsg='250 2.0.0 OK  1607249284 y188sm10789355pfy.98 - gsmtp' exitcode=EX_OK
Dec 06 15:42:12 host=smtp.gmail.com tls=on auth=on user=utkarsh190601@gmail.com from=utkarsh190601@gmail.com recipients=singhparmarishabh@gmail.com mailsize=1060906 smtpstatus=250 smtpmsg='250 2.0.0 OK  1607249504 s5sm1761724pfh.5 - gsmtp' exitcode=EX_OK
Dec 06 15:45:32 host=smtp.gmail.com tls=on auth=on user=utkarsh190601@gmail.com from=utkarsh190601@gmail.com recipients=singhparmarishabh@gmail.com mailsize=1060906 smtpstatus=250 smtpmsg='250 2.0.0 OK  1607249704 n21sm10873966pfo.182 - gsmtp' exitcode=EX_OK
Dec 07 22:32:12 host=smtp.gmail.com tls=on auth=on user=utkarsh190601@gmail.com from=utkarsh190601@gmail.com recipients=singhparmarishabh@gmail.com mailsize=1995988 smtpstatus=250 smtpmsg='250 2.0.0 OK  1607360503 l23sm12611083pgm.22 - gsmtp' exitcode=EX_OK
Dec 19 13:19:18 host=smtp.gmail.com tls=on auth=on user=utkarsh190601@gmail.com from=utkarsh190601@gmail.com recipients=mj.akarsh@gmail.com mailsize=1189 smtpstatus=250 smtpmsg='250 2.0.0 OK  1608364115 d6sm10597274pfd.69 - gsmtp' exitcode=EX_OK
Dec 19 19:00:10 host=smtp.gmail.com tls=on auth=on user=utkarsh190601@gmail.com from=utkarsh190601@gmail.com recipients=mj.akarsh@gmail.com mailsize=2415 smtpstatus=250 smtpmsg='250 2.0.0 OK  1608384567 k25sm11820015pfi.10 - gsmtp' exitcode=EX_OK
Dec 23 09:40:04 host=smtp.gmail.com tls=on auth=on user=utkarsh190601@gmail.com from=utkarsh190601@gmail.com recipients=bug-gnu-emacs@gnu.org mailsize=419853 smtpstatus=250 smtpmsg='250 2.0.0 OK  1608696556 a22sm21539304pfa.215 - gsmtp' exitcode=EX_OK
Dec 23 21:26:01 host=smtp.gmail.com tls=on auth=on user=utkarsh190601@gmail.com from=utkarsh190601@gmail.com recipients=eliz@gnu.org mailsize=1090 smtpstatus=250 smtpmsg='250 2.0.0 OK  1608738913 n4sm23911244pfu.150 - gsmtp' exitcode=EX_OK
Dec 27 19:28:09 host=smtp.gmail.com tls=on auth=on user=utkarsh190601@gmail.com from=utkarsh190601@gmail.com recipients=public@protesilaos.com mailsize=1181 smtpstatus=250 smtpmsg='250 2.0.0 OK  1609077436 x1sm32824770pfc.112 - gsmtp' exitcode=EX_OK
Dec 28 16:57:14 host=smtp.gmail.com tls=on auth=on user=utkarsh190601@gmail.com from=utkarsh190601@gmail.com recipients=public@protesilaos.com mailsize=1875 smtpstatus=250 smtpmsg='250 2.0.0 OK  1609154781 v15sm32495041pfn.217 - gsmtp' exitcode=EX_OK
Dec 28 19:45:01 host=smtp.gmail.com tls=on auth=on user=utkarsh190601@gmail.com from=utkarsh190601@gmail.com recipients=public@protesilaos.com mailsize=2915 smtpstatus=250 smtpmsg='250 2.0.0 OK  1609164848 y3sm15218648pjb.18 - gsmtp' exitcode=EX_OK
Dec 28 21:08:35 host=smtp.gmail.com tls=on auth=on user=utkarsh190601@gmail.com from=utkarsh190601@gmail.com recipients=public@protesilaos.com mailsize=2042 smtpstatus=250 smtpmsg='250 2.0.0 OK  1609169861 z11sm14466122pjn.5 - gsmtp' exitcode=EX_OK
Dec 28 23:38:45 host=smtp.gmail.com tls=on auth=on user=utkarsh190601@gmail.com from=utkarsh190601@gmail.com recipients=emms-help@gnu.org mailsize=316638 smtpstatus=250 smtpmsg='250 2.0.0 OK  1609178872 q35sm53561pjh.38 - gsmtp' exitcode=EX_OK
Dec 29 09:36:25 host=smtp.gmail.com tls=on auth=on user=utkarsh190601@gmail.com from=utkarsh190601@gmail.com recipients=yoni@rabkins.net mailsize=1192 smtpstatus=250 smtpmsg='250 2.0.0 OK  1609214731 x15sm36716895pfn.118 - gsmtp' exitcode=EX_OK
